build/outputs/mapping/release/mapping.txt
# compiler: R8
# compiler_version: 8.9.32
# common_typos_disable
# {"id":"com.android.tools.r8.mapping","version":"2.2"}
# pg_map_id: 7cebcbc
# pg_map_hash: SHA-256 7cebcbcaeb5c1dafd35c69fd80a562dc2bac47430d84684caf8ffbe46e79f6f2
com.mobius.opentoy.BluetoothManager -> a.c:
# {"id":"sourceFile","fileName":"BluetoothManager.kt"}
    android.content.Context context -> a
    android.bluetooth.BluetoothAdapter bluetoothAdapter -> b
    android.bluetooth.le.BluetoothLeScanner bluetoothLeScanner -> c
    boolean isScanning -> d
    android.bluetooth.le.ScanCallback scanCallback -> e
      # {"id":"com.android.tools.r8.residualsignature","signature":"La/b;"}
    1:1:void <init>(android.content.Context):20:20 -> <init>
    1:104:android.bluetooth.BluetoothDevice getBluetoothDevice(java.lang.String):0:103 -> a
    1:104:void connect(java.lang.String,kotlin.jvm.functions.Function2):107 -> a
    105:137:void connect(java.lang.String,kotlin.jvm.functions.Function2):109:141 -> a
    138:155:boolean initialize():33:50 -> a
    156:184:void startScan(kotlin.jvm.functions.Function1):56:84 -> a
    1:10:void stopScan():89:98 -> b
com.mobius.opentoy.BluetoothManager$connect$gattCallback$1 -> a.a:
# {"id":"sourceFile","fileName":"BluetoothManager.kt"}
    java.lang.String $deviceId -> a
    kotlin.jvm.functions.Function2 $callback -> b
    1:1:void <init>(java.lang.String,kotlin.jvm.functions.Function2):113:113 -> <init>
    1:7:void onConnectionStateChange(android.bluetooth.BluetoothGatt,int,int):117:123 -> onConnectionStateChange
    1:3:void onServicesDiscovered(android.bluetooth.BluetoothGatt,int):130:132 -> onServicesDiscovered
com.mobius.opentoy.BluetoothManager$startScan$1 -> a.b:
# {"id":"sourceFile","fileName":"BluetoothManager.kt"}
    kotlin.jvm.functions.Function1 $onDeviceFound -> a
    com.mobius.opentoy.BluetoothManager this$0 -> b
      # {"id":"com.android.tools.r8.residualsignature","signature":"La/c;"}
    1:1:void <init>(kotlin.jvm.functions.Function1,com.mobius.opentoy.BluetoothManager):61:61 -> <init>
      # {"id":"com.android.tools.r8.residualsignature","signature":"(Lkotlin/jvm/functions/Function1;La/c;)V"}
    1:2:void onScanFailed(int):74:75 -> onScanFailed
    3:3:void com.mobius.opentoy.BluetoothManager.access$setScanning$p(com.mobius.opentoy.BluetoothManager,boolean):20:20 -> onScanFailed
    3:3:void onScanFailed(int):75 -> onScanFailed
    1:6:void onScanResult(int,android.bluetooth.le.ScanResult):63:68 -> onScanResult
    7:13:void onScanResult(int,android.bluetooth.le.ScanResult):64:70 -> onScanResult
com.mobius.opentoy.OpenToyAndroid -> com.mobius.opentoy.OpenToyAndroid:
# {"id":"sourceFile","fileName":"OpenToyAndroid.kt"}
    com.mobius.opentoy.OpenToyAndroid$Companion Companion -> Companion
      # {"id":"com.android.tools.r8.residualsignature","signature":"La/d;"}
    com.mobius.opentoy.BluetoothManager bluetoothManager -> bluetoothManager
      # {"id":"com.android.tools.r8.residualsignature","signature":"La/c;"}
    1:8:void <init>():13:20 -> <init>
    1:1:void cleanup():215:215 -> cleanup
    2:2:void readBatteryLevel(java.lang.String,kotlin.jvm.functions.Function1):146:146 -> cleanup
    2:2:void com.mobius.opentoy.BluetoothManager.cleanup():146 -> cleanup
    2:2:void cleanup():215 -> cleanup
    3:4:void com.mobius.opentoy.BluetoothManager.cleanup():147:148 -> cleanup
    3:4:void cleanup():215 -> cleanup
    5:5:void readBatteryLevel(java.lang.String,kotlin.jvm.functions.Function1):149:149 -> cleanup
    5:5:void com.mobius.opentoy.BluetoothManager.cleanup():149 -> cleanup
    5:5:void cleanup():215 -> cleanup
    6:22:void cleanup():216:232 -> cleanup
    23:40:void cleanup():217:234 -> cleanup
    41:53:void cleanup():222:234 -> cleanup
    54:67:void cleanup():221:234 -> cleanup
    1:14:com.mobius.opentoy.OpenToyResult connectToDevice(java.lang.String):92:105 -> connectToDevice
    1:5:kotlin.Unit connectToDevice$lambda$1(com.mobius.opentoy.OpenToyAndroid,java.lang.String,boolean,java.lang.String):97:101 -> connectToDevice$lambda$1