build/outputs/mapping/release/usage.txt
com.mobius.opentoy.BluetoothManager:
    private static final java.lang.String TAG
com.mobius.opentoy.DeviceDiscoveryState:
    private final java.util.concurrent.ConcurrentHashMap characteristics
    private final java.util.concurrent.ConcurrentHashMap characteristicsDiscovered
    private final java.lang.String deviceId
    private final kotlinx.coroutines.sync.Mutex mutex
    private final java.util.concurrent.ConcurrentHashMap pendingReads
    private final java.util.concurrent.ConcurrentHashMap pendingWrites
    private final java.util.concurrent.ExecutorService queue
    private java.util.List services
    private boolean servicesDiscovered
    public void <init>(java.lang.String)
    public final java.util.concurrent.ConcurrentHashMap getCharacteristics()
    public final java.util.concurrent.ConcurrentHashMap getCharacteristicsDiscovered()
    public final java.lang.String getDeviceId()
    public final kotlinx.coroutines.sync.Mutex getMutex()
    public final java.util.concurrent.ConcurrentHashMap getPendingReads()
    public final java.util.concurrent.ConcurrentHashMap getPendingWrites()
    public final java.util.concurrent.ExecutorService getQueue()
    public final java.util.List getServices()
    public final boolean getServicesDiscovered()
    public final void setServices(java.util.List)
    public final void setServicesDiscovered(boolean)
com.mobius.opentoy.OpenToyError$EmptyData:
    public static final com.mobius.opentoy.OpenToyError$EmptyData INSTANCE
    static void <clinit>()
    private void <init>()
com.mobius.opentoy.OpenToyError$InvalidArguments:
    private final java.lang.String errorMessage
    public void <init>(java.lang.String)
    public final java.lang.String component1()
    public final com.mobius.opentoy.OpenToyError$InvalidArguments copy(java.lang.String)
    public static synthetic com.mobius.opentoy.OpenToyError$InvalidArguments copy$default(com.mobius.opentoy.OpenToyError$InvalidArguments,java.lang.String,int,java.lang.Object)
    public boolean equals(java.lang.Object)
    public int hashCode()
    public java.lang.String toString()
com.mobius.opentoy.OpenToyError$ReadFailed:
    public final java.lang.String component1()
    public final com.mobius.opentoy.OpenToyError$ReadFailed copy(java.lang.String)
    public static synthetic com.mobius.opentoy.OpenToyError$ReadFailed copy$default(com.mobius.opentoy.OpenToyError$ReadFailed,java.lang.String,int,java.lang.Object)
com.mobius.opentoy.OpenToyError$WriteFailed:
    public final java.lang.String component1()
    public final com.mobius.opentoy.OpenToyError$WriteFailed copy(java.lang.String)
    public static synthetic com.mobius.opentoy.OpenToyError$WriteFailed copy$default(com.mobius.opentoy.OpenToyError$WriteFailed,java.lang.String,int,java.lang.Object)
com.mobius.opentoy.OpenToyResult$Failure:
    public final com.mobius.opentoy.OpenToyError component1()
    public final com.mobius.opentoy.OpenToyResult$Failure copy(com.mobius.opentoy.OpenToyError)
    public static synthetic com.mobius.opentoy.OpenToyResult$Failure copy$default(com.mobius.opentoy.OpenToyResult$Failure,com.mobius.opentoy.OpenToyError,int,java.lang.Object)
    public final com.mobius.opentoy.OpenToyError getError()
com.mobius.opentoy.OpenToyResult$Success:
    public final java.lang.Object component1()
    public final com.mobius.opentoy.OpenToyResult$Success copy(java.lang.Object)
    public static synthetic com.mobius.opentoy.OpenToyResult$Success copy$default(com.mobius.opentoy.OpenToyResult$Success,java.lang.Object,int,java.lang.Object)
    public final java.lang.Object getValue()
com.mobius.opentoy.OpenToyUUIDs
com.mobius.opentoy.BluetoothManager$Companion
com.mobius.opentoy.BluetoothManager:
    public static final com.mobius.opentoy.BluetoothManager$Companion Companion
    static void <clinit>()
    public static void cleanup()
    public static android.bluetooth.BluetoothDevice getBluetoothDevice()
com.mobius.opentoy.DeviceDiscoveryState